[2020-04-22 15:19:11.180] [sharedprocess] [info] main {"machineId":"d3d992e8c807d6c6d11985de198c607a123913336f35021cf03b7f4b5a053ac1","windowId":2}
[2020-04-22 15:19:11.291] [sharedprocess] [error] [File Watcher (node.js)] Error: ENOENT: no such file or directory, stat '/home/fluffy/gocode/LearningGo/User/snippets'
[2020-04-22 15:19:37.397] [sharedprocess] [info] Installing extension: ms-python.python
[2020-04-22 15:19:39.247] [sharedprocess] [info] Downloaded extension: ms-python.python /tmp/1a83ee40-9aec-4b1c-89f2-9f9ac98d3f0c
[2020-04-22 15:19:46.853] [sharedprocess] [info] Installing extension: dbaeumer.vscode-eslint
[2020-04-22 15:19:47.018] [sharedprocess] [info] Downloaded extension: dbaeumer.vscode-eslint /tmp/44482bc9-9bdf-48e1-93a9-93cd110dc47c
[2020-04-22 15:19:47.105] [sharedprocess] [info] Extracted extension to /root/.vscode/extensions/.dbaeumer.vscode-eslint-2.1.5: dbaeumer.vscode-eslint
[2020-04-22 15:19:47.106] [sharedprocess] [info] Renamed to /root/.vscode/extensions/dbaeumer.vscode-eslint-2.1.5
[2020-04-22 15:19:47.109] [sharedprocess] [info] Installation completed. dbaeumer.vscode-eslint
[2020-04-22 15:19:47.117] [sharedprocess] [info] Extensions installed successfully: dbaeumer.vscode-eslint
[2020-04-22 15:19:50.053] [sharedprocess] [info] Extracted extension to /root/.vscode/extensions/.ms-python.python-2020.4.74986: ms-python.python
[2020-04-22 15:19:50.059] [sharedprocess] [info] Renamed to /root/.vscode/extensions/ms-python.python-2020.4.74986
[2020-04-22 15:19:50.078] [sharedprocess] [info] Installation completed. ms-python.python
[2020-04-22 15:19:50.090] [sharedprocess] [info] Extensions installed successfully: ms-python.python
[2020-04-22 15:19:51.212] [sharedprocess] [info] Starting to clean up unused language packs.
[2020-04-22 15:19:53.236] [sharedprocess] [info] Installing extension: felixfbecker.php-pack
[2020-04-22 15:19:53.341] [sharedprocess] [info] Downloaded extension: felixfbecker.php-pack /tmp/3047710b-1b3c-47ce-aaf1-2fdb87df733d
[2020-04-22 15:19:53.369] [sharedprocess] [info] Extracted extension to /root/.vscode/extensions/.felixfbecker.php-pack-1.0.2: felixfbecker.php-pack
[2020-04-22 15:19:53.370] [sharedprocess] [info] Renamed to /root/.vscode/extensions/felixfbecker.php-pack-1.0.2
[2020-04-22 15:19:53.371] [sharedprocess] [info] Installation completed. felixfbecker.php-pack
[2020-04-22 15:19:53.492] [sharedprocess] [info] Installing extension: felixfbecker.php-intellisense
[2020-04-22 15:19:53.493] [sharedprocess] [info] Installing extension: felixfbecker.php-debug
[2020-04-22 15:19:53.707] [sharedprocess] [info] Downloaded extension: felixfbecker.php-intellisense /tmp/f31454d0-d1fe-418d-ac4d-35c6a381f784
[2020-04-22 15:19:53.737] [sharedprocess] [info] Downloaded extension: felixfbecker.php-debug /tmp/d8aa24ce-1506-4b78-b442-c24a33e8c3d6
[2020-04-22 15:19:55.695] [sharedprocess] [info] Extracted extension to /root/.vscode/extensions/.felixfbecker.php-debug-1.13.0: felixfbecker.php-debug
[2020-04-22 15:19:55.695] [sharedprocess] [info] Renamed to /root/.vscode/extensions/felixfbecker.php-debug-1.13.0
[2020-04-22 15:19:55.702] [sharedprocess] [info] Installation completed. felixfbecker.php-debug
[2020-04-22 15:19:55.715] [sharedprocess] [info] Extensions installed successfully: felixfbecker.php-debug
[2020-04-22 15:19:57.139] [sharedprocess] [info] Extracted extension to /root/.vscode/extensions/.felixfbecker.php-intellisense-2.3.14: felixfbecker.php-intellisense
[2020-04-22 15:19:57.140] [sharedprocess] [info] Renamed to /root/.vscode/extensions/felixfbecker.php-intellisense-2.3.14
[2020-04-22 15:19:57.144] [sharedprocess] [info] Installation completed. felixfbecker.php-intellisense
[2020-04-22 15:19:57.151] [sharedprocess] [info] Extensions installed successfully: felixfbecker.php-intellisense
[2020-04-22 15:19:57.151] [sharedprocess] [info] Extensions installed successfully: felixfbecker.php-pack
[2020-04-22 15:19:59.549] [sharedprocess] [info] Installing extension: ms-vscode.atom-keybindings
[2020-04-22 15:19:59.662] [sharedprocess] [info] Downloaded extension: ms-vscode.atom-keybindings /tmp/0eeabc90-a1f0-4574-8139-af52e6ce273f
[2020-04-22 15:19:59.727] [sharedprocess] [info] Extracted extension to /root/.vscode/extensions/.ms-vscode.atom-keybindings-3.0.6: ms-vscode.atom-keybindings
[2020-04-22 15:19:59.728] [sharedprocess] [info] Renamed to /root/.vscode/extensions/ms-vscode.atom-keybindings-3.0.6
[2020-04-22 15:19:59.730] [sharedprocess] [info] Installation completed. ms-vscode.atom-keybindings
[2020-04-22 15:19:59.734] [sharedprocess] [info] Extensions installed successfully: ms-vscode.atom-keybindings
[2020-04-22 15:21:44.215] [sharedprocess] [info] Installing extension: ms-vscode.go
[2020-04-22 15:21:44.508] [sharedprocess] [info] Downloaded extension: ms-vscode.go /tmp/703b1a14-b7ef-48d9-94b4-0673aec82d65
[2020-04-22 15:21:49.941] [sharedprocess] [info] Extracted extension to /root/.vscode/extensions/.ms-vscode.go-0.14.1: ms-vscode.go
[2020-04-22 15:21:49.941] [sharedprocess] [info] Renamed to /root/.vscode/extensions/ms-vscode.go-0.14.1
[2020-04-22 15:21:49.944] [sharedprocess] [info] Installation completed. ms-vscode.go
[2020-04-22 15:21:49.950] [sharedprocess] [info] Extensions installed successfully: ms-vscode.go
